<?xml version="1.0" encoding="UTF-8"?>
<!-- Generated by org.testng.reporters.JUnitReportReporter -->
<testsuite hostname="DESKTOP-NK01B5C" failures="0" tests="1" name="com.qa.TestLayer.AddAttachmentOfPatient" time="49.987" errors="0" timestamp="2022-09-12T14:36:56 IST" skipped="0">
  <testcase classname="com.qa.TestLayer.AddAttachmentOfPatient" name="VerifyAddAttachment" time="49.987"/>
  <system-out/>
</testsuite> <!-- com.qa.TestLayer.AddAttachmentOfPatient -->
